2023-07-10T17:45:03+00:00 CRITICAL Uncaught Error: Call to a member function get_regular_price() on bool in C:\xampp\htdocs\projetos\ninpon\site\wp-content\themes\ninpon\template-parts\posts\content-product-minicart.php:10
Stack trace:
#0 C:\xampp\htdocs\projetos\ninpon\site\wp-includes\template.php(785): require()
#1 C:\xampp\htdocs\projetos\ninpon\site\wp-includes\template.php(718): load_template('C:\\xampp\\htdocs...', false, Array)
#2 C:\xampp\htdocs\projetos\ninpon\site\wp-includes\general-template.php(204): locate_template(Array, true, false, Array)
#3 C:\xampp\htdocs\projetos\ninpon\site\wp-content\themes\ninpon\template-parts\footer.php(213): get_template_part('template-parts/...', 'product-minicar...')
#4 C:\xampp\htdocs\projetos\ninpon\site\wp-includes\template.php(785): require('C:\\xampp\\htdocs...')
#5 C:\xampp\htdocs\projetos\ninpon\site\wp-includes\template.php(718): load_template('C:\\xampp\\htdocs...', false, Array)
#6 C:\xampp\htdocs\projetos\ninpon\site\wp-includes\general-template.php(204): locate_template(Array, true, fals em C:\xampp\htdocs\projetos\ninpon\site\wp-content\themes\ninpon\template-parts\posts\content-product-minicart.php na linha 10

2023-07-10T17:45:12+00:00 CRITICAL Uncaught Error: Call to a member function get_regular_price() on bool in C:\xampp\htdocs\projetos\ninpon\site\wp-content\themes\ninpon\template-parts\posts\content-product-minicart.php:10
Stack trace:
#0 C:\xampp\htdocs\projetos\ninpon\site\wp-includes\template.php(785): require()
#1 C:\xampp\htdocs\projetos\ninpon\site\wp-includes\template.php(718): load_template('C:\\xampp\\htdocs...', false, Array)
#2 C:\xampp\htdocs\projetos\ninpon\site\wp-includes\general-template.php(204): locate_template(Array, true, false, Array)
#3 C:\xampp\htdocs\projetos\ninpon\site\wp-content\themes\ninpon\template-parts\footer.php(213): get_template_part('template-parts/...', 'product-minicar...')
#4 C:\xampp\htdocs\projetos\ninpon\site\wp-includes\template.php(785): require('C:\\xampp\\htdocs...')
#5 C:\xampp\htdocs\projetos\ninpon\site\wp-includes\template.php(718): load_template('C:\\xampp\\htdocs...', false, Array)
#6 C:\xampp\htdocs\projetos\ninpon\site\wp-includes\general-template.php(204): locate_template(Array, true, fals em C:\xampp\htdocs\projetos\ninpon\site\wp-content\themes\ninpon\template-parts\posts\content-product-minicart.php na linha 10

2023-07-10T17:46:46+00:00 CRITICAL Uncaught Error: Call to a member function get_stock_status() on null in C:\xampp\htdocs\projetos\ninpon\site\wp-content\themes\ninpon\template-parts\posts\content-product-minicart.php:17
Stack trace:
#0 C:\xampp\htdocs\projetos\ninpon\site\wp-includes\template.php(785): require()
#1 C:\xampp\htdocs\projetos\ninpon\site\wp-includes\template.php(718): load_template('C:\\xampp\\htdocs...', false, Array)
#2 C:\xampp\htdocs\projetos\ninpon\site\wp-includes\general-template.php(204): locate_template(Array, true, false, Array)
#3 C:\xampp\htdocs\projetos\ninpon\site\wp-content\themes\ninpon\template-parts\footer.php(213): get_template_part('template-parts/...', 'product-minicar...')
#4 C:\xampp\htdocs\projetos\ninpon\site\wp-includes\template.php(785): require('C:\\xampp\\htdocs...')
#5 C:\xampp\htdocs\projetos\ninpon\site\wp-includes\template.php(718): load_template('C:\\xampp\\htdocs...', false, Array)
#6 C:\xampp\htdocs\projetos\ninpon\site\wp-includes\general-template.php(204): locate_template(Array, true, false em C:\xampp\htdocs\projetos\ninpon\site\wp-content\themes\ninpon\template-parts\posts\content-product-minicart.php na linha 17

2023-07-10T17:50:29+00:00 CRITICAL Uncaught Error: Call to a member function get_regular_price() on bool in C:\xampp\htdocs\projetos\ninpon\site\wp-content\themes\ninpon\template-parts\posts\content-product-minicart.php:11
Stack trace:
#0 C:\xampp\htdocs\projetos\ninpon\site\wp-includes\template.php(785): require()
#1 C:\xampp\htdocs\projetos\ninpon\site\wp-includes\template.php(718): load_template('C:\\xampp\\htdocs...', false, Array)
#2 C:\xampp\htdocs\projetos\ninpon\site\wp-includes\general-template.php(204): locate_template(Array, true, false, Array)
#3 C:\xampp\htdocs\projetos\ninpon\site\wp-content\themes\ninpon\template-parts\footer.php(213): get_template_part('template-parts/...', 'product-minicar...')
#4 C:\xampp\htdocs\projetos\ninpon\site\wp-includes\template.php(785): require('C:\\xampp\\htdocs...')
#5 C:\xampp\htdocs\projetos\ninpon\site\wp-includes\template.php(718): load_template('C:\\xampp\\htdocs...', false, Array)
#6 C:\xampp\htdocs\projetos\ninpon\site\wp-includes\general-template.php(204): locate_template(Array, true, fals em C:\xampp\htdocs\projetos\ninpon\site\wp-content\themes\ninpon\template-parts\posts\content-product-minicart.php na linha 11

2023-07-10T17:51:15+00:00 CRITICAL syntax error, unexpected '?>' em C:\xampp\htdocs\projetos\ninpon\site\wp-content\themes\ninpon\template-parts\posts\content-product-minicart.php na linha 26

2023-07-10T17:51:25+00:00 CRITICAL Uncaught Error: Call to a member function get_price_html() on bool in C:\xampp\htdocs\projetos\ninpon\site\wp-content\themes\ninpon\template-parts\posts\content-product-minicart.php:25
Stack trace:
#0 C:\xampp\htdocs\projetos\ninpon\site\wp-includes\template.php(785): require()
#1 C:\xampp\htdocs\projetos\ninpon\site\wp-includes\template.php(718): load_template('C:\\xampp\\htdocs...', false, Array)
#2 C:\xampp\htdocs\projetos\ninpon\site\wp-includes\general-template.php(204): locate_template(Array, true, false, Array)
#3 C:\xampp\htdocs\projetos\ninpon\site\wp-content\themes\ninpon\template-parts\footer.php(213): get_template_part('template-parts/...', 'product-minicar...')
#4 C:\xampp\htdocs\projetos\ninpon\site\wp-includes\template.php(785): require('C:\\xampp\\htdocs...')
#5 C:\xampp\htdocs\projetos\ninpon\site\wp-includes\template.php(718): load_template('C:\\xampp\\htdocs...', false, Array)
#6 C:\xampp\htdocs\projetos\ninpon\site\wp-includes\general-template.php(204): locate_template(Array, true, false,  em C:\xampp\htdocs\projetos\ninpon\site\wp-content\themes\ninpon\template-parts\posts\content-product-minicart.php na linha 25

2023-07-10T17:53:45+00:00 CRITICAL Uncaught Error: Call to a member function get_price_html() on null in C:\xampp\htdocs\projetos\ninpon\site\wp-content\themes\ninpon\template-parts\footer.php:221
Stack trace:
#0 C:\xampp\htdocs\projetos\ninpon\site\wp-includes\template.php(785): require()
#1 C:\xampp\htdocs\projetos\ninpon\site\wp-includes\template.php(718): load_template('C:\\xampp\\htdocs...', false, Array)
#2 C:\xampp\htdocs\projetos\ninpon\site\wp-includes\general-template.php(204): locate_template(Array, true, false, Array)
#3 C:\xampp\htdocs\projetos\ninpon\site\wp-content\themes\ninpon\footer.php(14): get_template_part('template-parts/...')
#4 C:\xampp\htdocs\projetos\ninpon\site\wp-includes\template.php(783): require_once('C:\\xampp\\htdocs...')
#5 C:\xampp\htdocs\projetos\ninpon\site\wp-includes\template.php(718): load_template('C:\\xampp\\htdocs...', true, Array)
#6 C:\xampp\htdocs\projetos\ninpon\site\wp-includes\general-template.php(92): locate_template(Array, true, true, Array)
#7 C:\xampp\htdocs\projetos\ninpon\site\wp-content\t em C:\xampp\htdocs\projetos\ninpon\site\wp-content\themes\ninpon\template-parts\footer.php na linha 221

2023-07-10T17:54:55+00:00 CRITICAL Uncaught Error: Call to a member function get_price_html() on bool in C:\xampp\htdocs\projetos\ninpon\site\wp-content\themes\ninpon\template-parts\posts\content-product-minicart.php:26
Stack trace:
#0 C:\xampp\htdocs\projetos\ninpon\site\wp-includes\template.php(785): require()
#1 C:\xampp\htdocs\projetos\ninpon\site\wp-includes\template.php(718): load_template('C:\\xampp\\htdocs...', false, Array)
#2 C:\xampp\htdocs\projetos\ninpon\site\wp-includes\general-template.php(204): locate_template(Array, true, false, Array)
#3 C:\xampp\htdocs\projetos\ninpon\site\wp-content\themes\ninpon\template-parts\footer.php(231): get_template_part('template-parts/...', 'product-minicar...')
#4 C:\xampp\htdocs\projetos\ninpon\site\wp-includes\template.php(785): require('C:\\xampp\\htdocs...')
#5 C:\xampp\htdocs\projetos\ninpon\site\wp-includes\template.php(718): load_template('C:\\xampp\\htdocs...', false, Array)
#6 C:\xampp\htdocs\projetos\ninpon\site\wp-includes\general-template.php(204): locate_template(Array, true, false,  em C:\xampp\htdocs\projetos\ninpon\site\wp-content\themes\ninpon\template-parts\posts\content-product-minicart.php na linha 26

2023-07-10T17:55:44+00:00 CRITICAL Uncaught Error: Call to a member function get_price_html() on bool in C:\xampp\htdocs\projetos\ninpon\site\wp-content\themes\ninpon\template-parts\posts\content-product-minicart.php:26
Stack trace:
#0 C:\xampp\htdocs\projetos\ninpon\site\wp-includes\template.php(785): require()
#1 C:\xampp\htdocs\projetos\ninpon\site\wp-includes\template.php(718): load_template('C:\\xampp\\htdocs...', false, Array)
#2 C:\xampp\htdocs\projetos\ninpon\site\wp-includes\general-template.php(204): locate_template(Array, true, false, Array)
#3 C:\xampp\htdocs\projetos\ninpon\site\wp-content\themes\ninpon\template-parts\footer.php(231): get_template_part('template-parts/...', 'product-minicar...')
#4 C:\xampp\htdocs\projetos\ninpon\site\wp-includes\template.php(785): require('C:\\xampp\\htdocs...')
#5 C:\xampp\htdocs\projetos\ninpon\site\wp-includes\template.php(718): load_template('C:\\xampp\\htdocs...', false, Array)
#6 C:\xampp\htdocs\projetos\ninpon\site\wp-includes\general-template.php(204): locate_template(Array, true, false,  em C:\xampp\htdocs\projetos\ninpon\site\wp-content\themes\ninpon\template-parts\posts\content-product-minicart.php na linha 26

2023-07-10T17:56:11+00:00 CRITICAL Uncaught Error: Call to a member function get_price_html() on bool in C:\xampp\htdocs\projetos\ninpon\site\wp-content\themes\ninpon\template-parts\posts\content-product-minicart.php:26
Stack trace:
#0 C:\xampp\htdocs\projetos\ninpon\site\wp-includes\template.php(785): require()
#1 C:\xampp\htdocs\projetos\ninpon\site\wp-includes\template.php(718): load_template('C:\\xampp\\htdocs...', false, Array)
#2 C:\xampp\htdocs\projetos\ninpon\site\wp-includes\general-template.php(204): locate_template(Array, true, false, Array)
#3 C:\xampp\htdocs\projetos\ninpon\site\wp-content\themes\ninpon\template-parts\footer.php(231): get_template_part('template-parts/...', 'product-minicar...')
#4 C:\xampp\htdocs\projetos\ninpon\site\wp-includes\template.php(785): require('C:\\xampp\\htdocs...')
#5 C:\xampp\htdocs\projetos\ninpon\site\wp-includes\template.php(718): load_template('C:\\xampp\\htdocs...', false, Array)
#6 C:\xampp\htdocs\projetos\ninpon\site\wp-includes\general-template.php(204): locate_template(Array, true, false,  em C:\xampp\htdocs\projetos\ninpon\site\wp-content\themes\ninpon\template-parts\posts\content-product-minicart.php na linha 26

2023-07-10T17:59:45+00:00 CRITICAL Uncaught Error: Call to a member function get_id() on null in C:\xampp\htdocs\projetos\ninpon\site\wp-content\themes\ninpon\template-parts\posts\content-product-minicart.php:11
Stack trace:
#0 C:\xampp\htdocs\projetos\ninpon\site\wp-includes\template.php(785): require()
#1 C:\xampp\htdocs\projetos\ninpon\site\wp-includes\template.php(718): load_template('C:\\xampp\\htdocs...', false, Array)
#2 C:\xampp\htdocs\projetos\ninpon\site\wp-includes\general-template.php(204): locate_template(Array, true, false, Array)
#3 C:\xampp\htdocs\projetos\ninpon\site\wp-content\themes\ninpon\template-parts\footer.php(231): get_template_part('template-parts/...', 'product-minicar...')
#4 C:\xampp\htdocs\projetos\ninpon\site\wp-includes\template.php(785): require('C:\\xampp\\htdocs...')
#5 C:\xampp\htdocs\projetos\ninpon\site\wp-includes\template.php(718): load_template('C:\\xampp\\htdocs...', false, Array)
#6 C:\xampp\htdocs\projetos\ninpon\site\wp-includes\general-template.php(204): locate_template(Array, true, false, Array)
# em C:\xampp\htdocs\projetos\ninpon\site\wp-content\themes\ninpon\template-parts\posts\content-product-minicart.php na linha 11

2023-07-10T19:02:06+00:00 CRITICAL Uncaught Error: Call to undefined function array_flatten() in C:\xampp\htdocs\projetos\ninpon\site\wp-content\themes\ninpon\woocommerce\archive-product.php:32
Stack trace:
#0 C:\xampp\htdocs\projetos\ninpon\site\wp-content\plugins\woocommerce\includes\wc-core-functions.php(345): include()
#1 C:\xampp\htdocs\projetos\ninpon\site\wp-content\themes\ninpon\woocommerce\taxonomy-product-cat.php(22): wc_get_template('archive-product...')
#2 C:\xampp\htdocs\projetos\ninpon\site\wp-includes\template-loader.php(106): include('C:\\xampp\\htdocs...')
#3 C:\xampp\htdocs\projetos\ninpon\site\wp-blog-header.php(19): require_once('C:\\xampp\\htdocs...')
#4 C:\xampp\htdocs\projetos\ninpon\site\index.php(17): require('C:\\xampp\\htdocs...')
#5 {main}
  thrown em C:\xampp\htdocs\projetos\ninpon\site\wp-content\themes\ninpon\woocommerce\archive-product.php na linha 32

2023-07-10T22:24:04+00:00 CRITICAL syntax error, unexpected '<', expecting end of file em C:\xampp\htdocs\projetos\ninpon\site\wp-content\themes\ninpon\template-pages\category.php na linha 414

