2023-06-27T21:24:02+00:00 CRITICAL Uncaught Error: Call to undefined function get_the_price() in C:\xampp\htdocs\projetos\ninpon\site\wp-content\themes\ninpon\template-parts\posts\content-product-slide.php:28
Stack trace:
#0 C:\xampp\htdocs\projetos\ninpon\site\wp-includes\template.php(785): require()
#1 C:\xampp\htdocs\projetos\ninpon\site\wp-includes\template.php(718): load_template('C:\\xampp\\htdocs...', false, Array)
#2 C:\xampp\htdocs\projetos\ninpon\site\wp-includes\general-template.php(204): locate_template(Array, true, false, Array)
#3 C:\xampp\htdocs\projetos\ninpon\site\wp-content\themes\ninpon\template-pages\home.php(116): get_template_part('template-parts/...', 'product-slide')
#4 C:\xampp\htdocs\projetos\ninpon\site\wp-includes\template-loader.php(106): include('C:\\xampp\\htdocs...')
#5 C:\xampp\htdocs\projetos\ninpon\site\wp-blog-header.php(19): require_once('C:\\xampp\\htdocs...')
#6 C:\xampp\htdocs\projetos\ninpon\site\index.php(17): require('C:\\xampp\\htdocs...')
#7 {main}
  thrown em C:\xampp\htdocs\projetos\ninpon\site\wp-content\themes\ninpon\template-parts\posts\content-product-slide.php na linha 28

2023-06-27T21:25:17+00:00 CRITICAL Uncaught Error: Call to a member function get_regular_price() on bool in C:\xampp\htdocs\projetos\ninpon\site\wp-content\themes\ninpon\template-parts\posts\content-product-slide.php:30
Stack trace:
#0 C:\xampp\htdocs\projetos\ninpon\site\wp-includes\template.php(785): require()
#1 C:\xampp\htdocs\projetos\ninpon\site\wp-includes\template.php(718): load_template('C:\\xampp\\htdocs...', false, Array)
#2 C:\xampp\htdocs\projetos\ninpon\site\wp-includes\general-template.php(204): locate_template(Array, true, false, Array)
#3 C:\xampp\htdocs\projetos\ninpon\site\wp-content\themes\ninpon\template-pages\home.php(116): get_template_part('template-parts/...', 'product-slide')
#4 C:\xampp\htdocs\projetos\ninpon\site\wp-includes\template-loader.php(106): include('C:\\xampp\\htdocs...')
#5 C:\xampp\htdocs\projetos\ninpon\site\wp-blog-header.php(19): require_once('C:\\xampp\\htdocs...')
#6 C:\xampp\htdocs\projetos\ninpon\site\index.php(17): require('C:\\xampp\\htdocs...')
#7 {main}
  thrown em C:\xampp\htdocs\projetos\ninpon\site\wp-content\themes\ninpon\template-parts\posts\content-product-slide.php na linha 30

