2023-07-09T18:16:28+00:00 CRITICAL Uncaught Error: Call to a member function have_posts() on null in C:\xampp\htdocs\projetos\ninpon\site\wp-content\themes\ninpon\woocommerce\archive-product.php:181
Stack trace:
#0 C:\xampp\htdocs\projetos\ninpon\site\wp-content\plugins\woocommerce\includes\wc-core-functions.php(345): include()
#1 C:\xampp\htdocs\projetos\ninpon\site\wp-content\themes\ninpon\woocommerce\taxonomy-product-cat.php(22): wc_get_template('archive-product...')
#2 C:\xampp\htdocs\projetos\ninpon\site\wp-includes\template-loader.php(106): include('C:\\xampp\\htdocs...')
#3 C:\xampp\htdocs\projetos\ninpon\site\wp-blog-header.php(19): require_once('C:\\xampp\\htdocs...')
#4 C:\xampp\htdocs\projetos\ninpon\site\index.php(17): require('C:\\xampp\\htdocs...')
#5 {main}
  thrown em C:\xampp\htdocs\projetos\ninpon\site\wp-content\themes\ninpon\woocommerce\archive-product.php na linha 181

2023-07-09T18:16:56+00:00 CRITICAL Uncaught Error: Call to a member function have_posts() on null in C:\xampp\htdocs\projetos\ninpon\site\wp-content\themes\ninpon\woocommerce\archive-product.php:181
Stack trace:
#0 C:\xampp\htdocs\projetos\ninpon\site\wp-content\plugins\woocommerce\includes\wc-core-functions.php(345): include()
#1 C:\xampp\htdocs\projetos\ninpon\site\wp-content\themes\ninpon\woocommerce\taxonomy-product-cat.php(22): wc_get_template('archive-product...')
#2 C:\xampp\htdocs\projetos\ninpon\site\wp-includes\template-loader.php(106): include('C:\\xampp\\htdocs...')
#3 C:\xampp\htdocs\projetos\ninpon\site\wp-blog-header.php(19): require_once('C:\\xampp\\htdocs...')
#4 C:\xampp\htdocs\projetos\ninpon\site\index.php(17): require('C:\\xampp\\htdocs...')
#5 {main}
  thrown em C:\xampp\htdocs\projetos\ninpon\site\wp-content\themes\ninpon\woocommerce\archive-product.php na linha 181

2023-07-09T18:18:39+00:00 CRITICAL Uncaught Error: Call to a member function have_posts() on null in C:\xampp\htdocs\projetos\ninpon\site\wp-content\themes\ninpon\woocommerce\archive-product.php:181
Stack trace:
#0 C:\xampp\htdocs\projetos\ninpon\site\wp-content\plugins\woocommerce\includes\wc-core-functions.php(345): include()
#1 C:\xampp\htdocs\projetos\ninpon\site\wp-content\themes\ninpon\woocommerce\taxonomy-product-cat.php(22): wc_get_template('archive-product...')
#2 C:\xampp\htdocs\projetos\ninpon\site\wp-includes\template-loader.php(106): include('C:\\xampp\\htdocs...')
#3 C:\xampp\htdocs\projetos\ninpon\site\wp-blog-header.php(19): require_once('C:\\xampp\\htdocs...')
#4 C:\xampp\htdocs\projetos\ninpon\site\index.php(17): require('C:\\xampp\\htdocs...')
#5 {main}
  thrown em C:\xampp\htdocs\projetos\ninpon\site\wp-content\themes\ninpon\woocommerce\archive-product.php na linha 181

2023-07-09T18:19:06+00:00 CRITICAL Uncaught Error: Call to a member function have_posts() on null in C:\xampp\htdocs\projetos\ninpon\site\wp-content\themes\ninpon\woocommerce\archive-product.php:181
Stack trace:
#0 C:\xampp\htdocs\projetos\ninpon\site\wp-content\plugins\woocommerce\includes\wc-core-functions.php(345): include()
#1 C:\xampp\htdocs\projetos\ninpon\site\wp-content\themes\ninpon\woocommerce\taxonomy-product-cat.php(22): wc_get_template('archive-product...')
#2 C:\xampp\htdocs\projetos\ninpon\site\wp-includes\template-loader.php(106): include('C:\\xampp\\htdocs...')
#3 C:\xampp\htdocs\projetos\ninpon\site\wp-blog-header.php(19): require_once('C:\\xampp\\htdocs...')
#4 C:\xampp\htdocs\projetos\ninpon\site\index.php(17): require('C:\\xampp\\htdocs...')
#5 {main}
  thrown em C:\xampp\htdocs\projetos\ninpon\site\wp-content\themes\ninpon\woocommerce\archive-product.php na linha 181

