2023-07-05T18:03:23+00:00 CRITICAL Uncaught ArgumentCountError: Too few arguments to function get_field(), 0 passed in C:\xampp\htdocs\projetos\ninpon\site\wp-content\themes\ninpon\template-parts\posts\content-product-slide.php on line 22 and at least 1 expected in C:\xampp\htdocs\projetos\ninpon\site\wp-content\plugins\advanced-custom-fields-pro\includes\api\api-template.php:20
Stack trace:
#0 C:\xampp\htdocs\projetos\ninpon\site\wp-content\themes\ninpon\template-parts\posts\content-product-slide.php(22): get_field()
#1 C:\xampp\htdocs\projetos\ninpon\site\wp-includes\template.php(785): require('C:\\xampp\\htdocs...')
#2 C:\xampp\htdocs\projetos\ninpon\site\wp-includes\template.php(718): load_template('C:\\xampp\\htdocs...', false, Array)
#3 C:\xampp\htdocs\projetos\ninpon\site\wp-includes\general-template.php(204): locate_template(Array, true, false, Array)
#4 C:\xampp\htdocs\projetos\ninpon\site\wp-content\themes\ninpon\template-parts\search.php(106): get_template_part('template-parts/...', 'product-slide')
#5 C:\xampp\htdocs\projetos\ninpo em C:\xampp\htdocs\projetos\ninpon\site\wp-content\plugins\advanced-custom-fields-pro\includes\api\api-template.php na linha 20

2023-07-05T18:46:48+00:00 CRITICAL Uncaught Error: Class 'WP_Customize_Control' not found in C:\xampp\htdocs\projetos\ninpon\site\wp-content\themes\ninpon\upsites\customizer-controls\customizer-controls.php:60
Stack trace:
#0 C:\xampp\htdocs\projetos\ninpon\site\wp-content\themes\ninpon\upsites\functions.php(265): require()
#1 C:\xampp\htdocs\projetos\ninpon\site\wp-content\themes\ninpon\functions.php(3): require('C:\\xampp\\htdocs...')
#2 C:\xampp\htdocs\projetos\ninpon\site\wp-settings.php(591): include('C:\\xampp\\htdocs...')
#3 C:\xampp\htdocs\projetos\ninpon\site\wp-config.php(91): require_once('C:\\xampp\\htdocs...')
#4 C:\xampp\htdocs\projetos\ninpon\site\wp-load.php(50): require_once('C:\\xampp\\htdocs...')
#5 C:\xampp\htdocs\projetos\ninpon\site\wp-blog-header.php(13): require_once('C:\\xampp\\htdocs...')
#6 C:\xampp\htdocs\projetos\ninpon\site\index.php(17): require('C:\\xampp\\htdocs...')
#7 {main}
  thrown em C:\xampp\htdocs\projetos\ninpon\site\wp-content\themes\ninpon\upsites\customizer-controls\customizer-controls.php na linha 60

2023-07-05T18:46:49+00:00 CRITICAL Uncaught Error: Class 'WP_Customize_Control' not found in C:\xampp\htdocs\projetos\ninpon\site\wp-content\themes\ninpon\upsites\customizer-controls\customizer-controls.php:60
Stack trace:
#0 C:\xampp\htdocs\projetos\ninpon\site\wp-content\themes\ninpon\upsites\functions.php(265): require()
#1 C:\xampp\htdocs\projetos\ninpon\site\wp-content\themes\ninpon\functions.php(3): require('C:\\xampp\\htdocs...')
#2 C:\xampp\htdocs\projetos\ninpon\site\wp-settings.php(591): include('C:\\xampp\\htdocs...')
#3 C:\xampp\htdocs\projetos\ninpon\site\wp-config.php(91): require_once('C:\\xampp\\htdocs...')
#4 C:\xampp\htdocs\projetos\ninpon\site\wp-load.php(50): require_once('C:\\xampp\\htdocs...')
#5 C:\xampp\htdocs\projetos\ninpon\site\wp-blog-header.php(13): require_once('C:\\xampp\\htdocs...')
#6 C:\xampp\htdocs\projetos\ninpon\site\index.php(17): require('C:\\xampp\\htdocs...')
#7 {main}
  thrown em C:\xampp\htdocs\projetos\ninpon\site\wp-content\themes\ninpon\upsites\customizer-controls\customizer-controls.php na linha 60

2023-07-05T18:46:49+00:00 CRITICAL Uncaught Error: Class 'WP_Customize_Control' not found in C:\xampp\htdocs\projetos\ninpon\site\wp-content\themes\ninpon\upsites\customizer-controls\customizer-controls.php:60
Stack trace:
#0 C:\xampp\htdocs\projetos\ninpon\site\wp-content\themes\ninpon\upsites\functions.php(265): require()
#1 C:\xampp\htdocs\projetos\ninpon\site\wp-content\themes\ninpon\functions.php(3): require('C:\\xampp\\htdocs...')
#2 C:\xampp\htdocs\projetos\ninpon\site\wp-settings.php(591): include('C:\\xampp\\htdocs...')
#3 C:\xampp\htdocs\projetos\ninpon\site\wp-config.php(91): require_once('C:\\xampp\\htdocs...')
#4 C:\xampp\htdocs\projetos\ninpon\site\wp-load.php(50): require_once('C:\\xampp\\htdocs...')
#5 C:\xampp\htdocs\projetos\ninpon\site\wp-blog-header.php(13): require_once('C:\\xampp\\htdocs...')
#6 C:\xampp\htdocs\projetos\ninpon\site\index.php(17): require('C:\\xampp\\htdocs...')
#7 {main}
  thrown em C:\xampp\htdocs\projetos\ninpon\site\wp-content\themes\ninpon\upsites\customizer-controls\customizer-controls.php na linha 60

2023-07-05T19:06:40+00:00 CRITICAL Uncaught Error: Class 'WP_Customize_Control' not found in C:\xampp\htdocs\projetos\ninpon\site\wp-content\themes\ninpon\upsites\customizer-controls\customizer-controls.php:60
Stack trace:
#0 C:\xampp\htdocs\projetos\ninpon\site\wp-content\themes\ninpon\upsites\functions.php(265): require()
#1 C:\xampp\htdocs\projetos\ninpon\site\wp-content\themes\ninpon\functions.php(3): require('C:\\xampp\\htdocs...')
#2 C:\xampp\htdocs\projetos\ninpon\site\wp-settings.php(591): include('C:\\xampp\\htdocs...')
#3 C:\xampp\htdocs\projetos\ninpon\site\wp-config.php(91): require_once('C:\\xampp\\htdocs...')
#4 C:\xampp\htdocs\projetos\ninpon\site\wp-load.php(50): require_once('C:\\xampp\\htdocs...')
#5 C:\xampp\htdocs\projetos\ninpon\site\wp-blog-header.php(13): require_once('C:\\xampp\\htdocs...')
#6 C:\xampp\htdocs\projetos\ninpon\site\index.php(17): require('C:\\xampp\\htdocs...')
#7 {main}
  thrown em C:\xampp\htdocs\projetos\ninpon\site\wp-content\themes\ninpon\upsites\customizer-controls\customizer-controls.php na linha 60

2023-07-05T23:17:53+00:00 CRITICAL syntax error, unexpected '=' em C:\xampp\htdocs\projetos\ninpon\site\wp-content\themes\ninpon\woocommerce\archive-product.php na linha 256

