2023-07-02T20:48:50+00:00 CRITICAL Uncaught Error: Object of class WP_Post could not be converted to string in C:\xampp\htdocs\projetos\ninpon\site\wp-content\themes\ninpon\taxonomy-category_faq.php:15
Stack trace:
#0 C:\xampp\htdocs\projetos\ninpon\site\wp-includes\template-loader.php(106): include()
#1 C:\xampp\htdocs\projetos\ninpon\site\wp-blog-header.php(19): require_once('C:\\xampp\\htdocs...')
#2 C:\xampp\htdocs\projetos\ninpon\site\index.php(17): require('C:\\xampp\\htdocs...')
#3 {main}
  thrown em C:\xampp\htdocs\projetos\ninpon\site\wp-content\themes\ninpon\taxonomy-category_faq.php na linha 15

2023-07-02T20:49:00+00:00 CRITICAL Uncaught Error: Object of class WP_Post could not be converted to string in C:\xampp\htdocs\projetos\ninpon\site\wp-content\themes\ninpon\taxonomy-category_faq.php:15
Stack trace:
#0 C:\xampp\htdocs\projetos\ninpon\site\wp-includes\template-loader.php(106): include()
#1 C:\xampp\htdocs\projetos\ninpon\site\wp-blog-header.php(19): require_once('C:\\xampp\\htdocs...')
#2 C:\xampp\htdocs\projetos\ninpon\site\index.php(17): require('C:\\xampp\\htdocs...')
#3 {main}
  thrown em C:\xampp\htdocs\projetos\ninpon\site\wp-content\themes\ninpon\taxonomy-category_faq.php na linha 15

2023-07-02T20:49:25+00:00 CRITICAL Uncaught Error: Object of class WP_Post could not be converted to string in C:\xampp\htdocs\projetos\ninpon\site\wp-content\themes\ninpon\taxonomy-category_faq.php:15
Stack trace:
#0 C:\xampp\htdocs\projetos\ninpon\site\wp-includes\template-loader.php(106): include()
#1 C:\xampp\htdocs\projetos\ninpon\site\wp-blog-header.php(19): require_once('C:\\xampp\\htdocs...')
#2 C:\xampp\htdocs\projetos\ninpon\site\index.php(17): require('C:\\xampp\\htdocs...')
#3 {main}
  thrown em C:\xampp\htdocs\projetos\ninpon\site\wp-content\themes\ninpon\taxonomy-category_faq.php na linha 15

2023-07-02T20:50:24+00:00 CRITICAL Uncaught Error: Object of class WP_Post could not be converted to string in C:\xampp\htdocs\projetos\ninpon\site\wp-content\themes\ninpon\taxonomy-category_faq.php:15
Stack trace:
#0 C:\xampp\htdocs\projetos\ninpon\site\wp-includes\template-loader.php(106): include()
#1 C:\xampp\htdocs\projetos\ninpon\site\wp-blog-header.php(19): require_once('C:\\xampp\\htdocs...')
#2 C:\xampp\htdocs\projetos\ninpon\site\index.php(17): require('C:\\xampp\\htdocs...')
#3 {main}
  thrown em C:\xampp\htdocs\projetos\ninpon\site\wp-content\themes\ninpon\taxonomy-category_faq.php na linha 15

2023-07-02T21:07:40+00:00 CRITICAL Uncaught Error: Call to undefined method WP_Post::get_content() in C:\xampp\htdocs\projetos\ninpon\site\wp-content\themes\ninpon\taxonomy-category_faq.php:14
Stack trace:
#0 C:\xampp\htdocs\projetos\ninpon\site\wp-includes\template-loader.php(106): include()
#1 C:\xampp\htdocs\projetos\ninpon\site\wp-blog-header.php(19): require_once('C:\\xampp\\htdocs...')
#2 C:\xampp\htdocs\projetos\ninpon\site\index.php(17): require('C:\\xampp\\htdocs...')
#3 {main}
  thrown em C:\xampp\htdocs\projetos\ninpon\site\wp-content\themes\ninpon\taxonomy-category_faq.php na linha 14

2023-07-02T21:08:32+00:00 CRITICAL Uncaught Error: Call to undefined method WP_Post::get_the_content() in C:\xampp\htdocs\projetos\ninpon\site\wp-content\themes\ninpon\taxonomy-category_faq.php:14
Stack trace:
#0 C:\xampp\htdocs\projetos\ninpon\site\wp-includes\template-loader.php(106): include()
#1 C:\xampp\htdocs\projetos\ninpon\site\wp-blog-header.php(19): require_once('C:\\xampp\\htdocs...')
#2 C:\xampp\htdocs\projetos\ninpon\site\index.php(17): require('C:\\xampp\\htdocs...')
#3 {main}
  thrown em C:\xampp\htdocs\projetos\ninpon\site\wp-content\themes\ninpon\taxonomy-category_faq.php na linha 14

2023-07-02T21:10:23+00:00 CRITICAL Uncaught Error: Call to a member function post_content() on int in C:\xampp\htdocs\projetos\ninpon\site\wp-content\themes\ninpon\taxonomy-category_faq.php:61
Stack trace:
#0 C:\xampp\htdocs\projetos\ninpon\site\wp-includes\template-loader.php(106): include()
#1 C:\xampp\htdocs\projetos\ninpon\site\wp-blog-header.php(19): require_once('C:\\xampp\\htdocs...')
#2 C:\xampp\htdocs\projetos\ninpon\site\index.php(17): require('C:\\xampp\\htdocs...')
#3 {main}
  thrown em C:\xampp\htdocs\projetos\ninpon\site\wp-content\themes\ninpon\taxonomy-category_faq.php na linha 61

2023-07-02T21:11:01+00:00 CRITICAL Uncaught Error: Call to a member function post_content() on int in C:\xampp\htdocs\projetos\ninpon\site\wp-content\themes\ninpon\taxonomy-category_faq.php:61
Stack trace:
#0 C:\xampp\htdocs\projetos\ninpon\site\wp-includes\template-loader.php(106): include()
#1 C:\xampp\htdocs\projetos\ninpon\site\wp-blog-header.php(19): require_once('C:\\xampp\\htdocs...')
#2 C:\xampp\htdocs\projetos\ninpon\site\index.php(17): require('C:\\xampp\\htdocs...')
#3 {main}
  thrown em C:\xampp\htdocs\projetos\ninpon\site\wp-content\themes\ninpon\taxonomy-category_faq.php na linha 61

2023-07-02T21:11:23+00:00 CRITICAL Uncaught Error: Call to a member function post_content() on int in C:\xampp\htdocs\projetos\ninpon\site\wp-content\themes\ninpon\taxonomy-category_faq.php:61
Stack trace:
#0 C:\xampp\htdocs\projetos\ninpon\site\wp-includes\template-loader.php(106): include()
#1 C:\xampp\htdocs\projetos\ninpon\site\wp-blog-header.php(19): require_once('C:\\xampp\\htdocs...')
#2 C:\xampp\htdocs\projetos\ninpon\site\index.php(17): require('C:\\xampp\\htdocs...')
#3 {main}
  thrown em C:\xampp\htdocs\projetos\ninpon\site\wp-content\themes\ninpon\taxonomy-category_faq.php na linha 61

