2023-12-01T18:22:57+00:00 CRITICAL Uncaught Error: Class 'NumberFormatter' not found in C:\xampp\htdocs\projetos\ninpon\site\wp-content\themes\ninpon\template-parts\footer.php:21
Stack trace:
#0 C:\xampp\htdocs\projetos\ninpon\site\wp-includes\template.php(785): require()
#1 C:\xampp\htdocs\projetos\ninpon\site\wp-includes\template.php(718): load_template('C:\\xampp\\htdocs...', false, Array)
#2 C:\xampp\htdocs\projetos\ninpon\site\wp-includes\general-template.php(204): locate_template(Array, true, false, Array)
#3 C:\xampp\htdocs\projetos\ninpon\site\wp-content\themes\ninpon\footer.php(14): get_template_part('template-parts/...')
#4 C:\xampp\htdocs\projetos\ninpon\site\wp-includes\template.php(783): require_once('C:\\xampp\\htdocs...')
#5 C:\xampp\htdocs\projetos\ninpon\site\wp-includes\template.php(718): load_template('C:\\xampp\\htdocs...', true, Array)
#6 C:\xampp\htdocs\projetos\ninpon\site\wp-includes\general-template.php(92): locate_template(Array, true, true, Array)
#7 C:\xampp\htdocs\projetos\ninpon\site\wp-content\themes\ninpon\templ em C:\xampp\htdocs\projetos\ninpon\site\wp-content\themes\ninpon\template-parts\footer.php na linha 21

2023-12-01T18:23:06+00:00 CRITICAL Uncaught Error: Class 'NumberFormatter' not found in C:\xampp\htdocs\projetos\ninpon\site\wp-content\themes\ninpon\template-parts\footer.php:21
Stack trace:
#0 C:\xampp\htdocs\projetos\ninpon\site\wp-includes\template.php(785): require()
#1 C:\xampp\htdocs\projetos\ninpon\site\wp-includes\template.php(718): load_template('C:\\xampp\\htdocs...', false, Array)
#2 C:\xampp\htdocs\projetos\ninpon\site\wp-includes\general-template.php(204): locate_template(Array, true, false, Array)
#3 C:\xampp\htdocs\projetos\ninpon\site\wp-content\themes\ninpon\footer.php(14): get_template_part('template-parts/...')
#4 C:\xampp\htdocs\projetos\ninpon\site\wp-includes\template.php(783): require_once('C:\\xampp\\htdocs...')
#5 C:\xampp\htdocs\projetos\ninpon\site\wp-includes\template.php(718): load_template('C:\\xampp\\htdocs...', true, Array)
#6 C:\xampp\htdocs\projetos\ninpon\site\wp-includes\general-template.php(92): locate_template(Array, true, true, Array)
#7 C:\xampp\htdocs\projetos\ninpon\site\wp-content\themes\ninpon\templ em C:\xampp\htdocs\projetos\ninpon\site\wp-content\themes\ninpon\template-parts\footer.php na linha 21

2023-12-01T18:23:07+00:00 CRITICAL Uncaught Error: Class 'NumberFormatter' not found in C:\xampp\htdocs\projetos\ninpon\site\wp-content\themes\ninpon\template-parts\footer.php:21
Stack trace:
#0 C:\xampp\htdocs\projetos\ninpon\site\wp-includes\template.php(785): require()
#1 C:\xampp\htdocs\projetos\ninpon\site\wp-includes\template.php(718): load_template('C:\\xampp\\htdocs...', false, Array)
#2 C:\xampp\htdocs\projetos\ninpon\site\wp-includes\general-template.php(204): locate_template(Array, true, false, Array)
#3 C:\xampp\htdocs\projetos\ninpon\site\wp-content\themes\ninpon\footer.php(14): get_template_part('template-parts/...')
#4 C:\xampp\htdocs\projetos\ninpon\site\wp-includes\template.php(783): require_once('C:\\xampp\\htdocs...')
#5 C:\xampp\htdocs\projetos\ninpon\site\wp-includes\template.php(718): load_template('C:\\xampp\\htdocs...', true, Array)
#6 C:\xampp\htdocs\projetos\ninpon\site\wp-includes\general-template.php(92): locate_template(Array, true, true, Array)
#7 C:\xampp\htdocs\projetos\ninpon\site\wp-content\themes\ninpon\templ em C:\xampp\htdocs\projetos\ninpon\site\wp-content\themes\ninpon\template-parts\footer.php na linha 21

2023-12-01T20:39:45+00:00 CRITICAL Uncaught Error: Class 'NumberFormatter' not found in C:\xampp\htdocs\projetos\ninpon\site\wp-content\themes\ninpon\template-parts\footer.php:21
Stack trace:
#0 C:\xampp\htdocs\projetos\ninpon\site\wp-includes\template.php(785): require()
#1 C:\xampp\htdocs\projetos\ninpon\site\wp-includes\template.php(718): load_template('C:\\xampp\\htdocs...', false, Array)
#2 C:\xampp\htdocs\projetos\ninpon\site\wp-includes\general-template.php(204): locate_template(Array, true, false, Array)
#3 C:\xampp\htdocs\projetos\ninpon\site\wp-content\themes\ninpon\footer.php(14): get_template_part('template-parts/...')
#4 C:\xampp\htdocs\projetos\ninpon\site\wp-includes\template.php(783): require_once('C:\\xampp\\htdocs...')
#5 C:\xampp\htdocs\projetos\ninpon\site\wp-includes\template.php(718): load_template('C:\\xampp\\htdocs...', true, Array)
#6 C:\xampp\htdocs\projetos\ninpon\site\wp-includes\general-template.php(92): locate_template(Array, true, true, Array)
#7 C:\xampp\htdocs\projetos\ninpon\site\wp-content\themes\ninpon\wooco em C:\xampp\htdocs\projetos\ninpon\site\wp-content\themes\ninpon\template-parts\footer.php na linha 21

2023-12-01T20:40:57+00:00 CRITICAL Uncaught Error: Call to a member function formatCurrency() on null in C:\xampp\htdocs\projetos\ninpon\site\wp-content\themes\ninpon\template-parts\footer.php:239
Stack trace:
#0 C:\xampp\htdocs\projetos\ninpon\site\wp-includes\template.php(785): require()
#1 C:\xampp\htdocs\projetos\ninpon\site\wp-includes\template.php(718): load_template('C:\\xampp\\htdocs...', false, Array)
#2 C:\xampp\htdocs\projetos\ninpon\site\wp-includes\general-template.php(204): locate_template(Array, true, false, Array)
#3 C:\xampp\htdocs\projetos\ninpon\site\wp-content\themes\ninpon\footer.php(14): get_template_part('template-parts/...')
#4 C:\xampp\htdocs\projetos\ninpon\site\wp-includes\template.php(783): require_once('C:\\xampp\\htdocs...')
#5 C:\xampp\htdocs\projetos\ninpon\site\wp-includes\template.php(718): load_template('C:\\xampp\\htdocs...', true, Array)
#6 C:\xampp\htdocs\projetos\ninpon\site\wp-includes\general-template.php(92): locate_template(Array, true, true, Array)
#7 C:\xampp\htdocs\projetos\ninpon\site\wp-content\t em C:\xampp\htdocs\projetos\ninpon\site\wp-content\themes\ninpon\template-parts\footer.php na linha 239

2023-12-01T20:41:44+00:00 CRITICAL Uncaught Error: Class 'NumberFormatter' not found in C:\xampp\htdocs\projetos\ninpon\site\wp-content\themes\ninpon\template-parts\footer.php:238
Stack trace:
#0 C:\xampp\htdocs\projetos\ninpon\site\wp-includes\template.php(785): require()
#1 C:\xampp\htdocs\projetos\ninpon\site\wp-includes\template.php(718): load_template('C:\\xampp\\htdocs...', false, Array)
#2 C:\xampp\htdocs\projetos\ninpon\site\wp-includes\general-template.php(204): locate_template(Array, true, false, Array)
#3 C:\xampp\htdocs\projetos\ninpon\site\wp-content\themes\ninpon\footer.php(14): get_template_part('template-parts/...')
#4 C:\xampp\htdocs\projetos\ninpon\site\wp-includes\template.php(783): require_once('C:\\xampp\\htdocs...')
#5 C:\xampp\htdocs\projetos\ninpon\site\wp-includes\template.php(718): load_template('C:\\xampp\\htdocs...', true, Array)
#6 C:\xampp\htdocs\projetos\ninpon\site\wp-includes\general-template.php(92): locate_template(Array, true, true, Array)
#7 C:\xampp\htdocs\projetos\ninpon\site\wp-content\themes\ninpon\wooc em C:\xampp\htdocs\projetos\ninpon\site\wp-content\themes\ninpon\template-parts\footer.php na linha 238

2023-12-01T20:42:04+00:00 CRITICAL Uncaught Error: Class 'NumberFormatter' not found in C:\xampp\htdocs\projetos\ninpon\site\wp-content\themes\ninpon\template-parts\footer.php:238
Stack trace:
#0 C:\xampp\htdocs\projetos\ninpon\site\wp-includes\template.php(785): require()
#1 C:\xampp\htdocs\projetos\ninpon\site\wp-includes\template.php(718): load_template('C:\\xampp\\htdocs...', false, Array)
#2 C:\xampp\htdocs\projetos\ninpon\site\wp-includes\general-template.php(204): locate_template(Array, true, false, Array)
#3 C:\xampp\htdocs\projetos\ninpon\site\wp-content\themes\ninpon\footer.php(14): get_template_part('template-parts/...')
#4 C:\xampp\htdocs\projetos\ninpon\site\wp-includes\template.php(783): require_once('C:\\xampp\\htdocs...')
#5 C:\xampp\htdocs\projetos\ninpon\site\wp-includes\template.php(718): load_template('C:\\xampp\\htdocs...', true, Array)
#6 C:\xampp\htdocs\projetos\ninpon\site\wp-includes\general-template.php(92): locate_template(Array, true, true, Array)
#7 C:\xampp\htdocs\projetos\ninpon\site\wp-content\themes\ninpon\wooc em C:\xampp\htdocs\projetos\ninpon\site\wp-content\themes\ninpon\template-parts\footer.php na linha 238

2023-12-01T20:42:11+00:00 CRITICAL Uncaught Error: Class 'NumberFormatter' not found in C:\xampp\htdocs\projetos\ninpon\site\wp-content\themes\ninpon\template-parts\footer.php:238
Stack trace:
#0 C:\xampp\htdocs\projetos\ninpon\site\wp-includes\template.php(785): require()
#1 C:\xampp\htdocs\projetos\ninpon\site\wp-includes\template.php(718): load_template('C:\\xampp\\htdocs...', false, Array)
#2 C:\xampp\htdocs\projetos\ninpon\site\wp-includes\general-template.php(204): locate_template(Array, true, false, Array)
#3 C:\xampp\htdocs\projetos\ninpon\site\wp-content\themes\ninpon\footer.php(14): get_template_part('template-parts/...')
#4 C:\xampp\htdocs\projetos\ninpon\site\wp-includes\template.php(783): require_once('C:\\xampp\\htdocs...')
#5 C:\xampp\htdocs\projetos\ninpon\site\wp-includes\template.php(718): load_template('C:\\xampp\\htdocs...', true, Array)
#6 C:\xampp\htdocs\projetos\ninpon\site\wp-includes\general-template.php(92): locate_template(Array, true, true, Array)
#7 C:\xampp\htdocs\projetos\ninpon\site\wp-content\themes\ninpon\wooc em C:\xampp\htdocs\projetos\ninpon\site\wp-content\themes\ninpon\template-parts\footer.php na linha 238

2023-12-01T20:42:28+00:00 CRITICAL Uncaught Error: Class 'NumberFormatter' not found in C:\xampp\htdocs\projetos\ninpon\site\wp-content\themes\ninpon\template-parts\footer.php:238
Stack trace:
#0 C:\xampp\htdocs\projetos\ninpon\site\wp-includes\template.php(785): require()
#1 C:\xampp\htdocs\projetos\ninpon\site\wp-includes\template.php(718): load_template('C:\\xampp\\htdocs...', false, Array)
#2 C:\xampp\htdocs\projetos\ninpon\site\wp-includes\general-template.php(204): locate_template(Array, true, false, Array)
#3 C:\xampp\htdocs\projetos\ninpon\site\wp-content\themes\ninpon\footer.php(14): get_template_part('template-parts/...')
#4 C:\xampp\htdocs\projetos\ninpon\site\wp-includes\template.php(783): require_once('C:\\xampp\\htdocs...')
#5 C:\xampp\htdocs\projetos\ninpon\site\wp-includes\template.php(718): load_template('C:\\xampp\\htdocs...', true, Array)
#6 C:\xampp\htdocs\projetos\ninpon\site\wp-includes\general-template.php(92): locate_template(Array, true, true, Array)
#7 C:\xampp\htdocs\projetos\ninpon\site\wp-content\themes\ninpon\wooc em C:\xampp\htdocs\projetos\ninpon\site\wp-content\themes\ninpon\template-parts\footer.php na linha 238

2023-12-01T20:43:21+00:00 CRITICAL syntax error, unexpected '?>' em C:\xampp\htdocs\projetos\ninpon\site\wp-content\themes\ninpon\template-parts\footer.php na linha 237

